25-03-22 10:54:02.946 : 08_FRA
25-03-22 10:54:03.949 : 0000001.png - PSNR: 25.66 dB
25-03-22 10:54:04.010 : 0000002.png - PSNR: 21.01 dB
25-03-22 10:54:04.110 : 0000003.png - PSNR: 26.42 dB
25-03-22 10:54:04.157 : 0000004.png - PSNR: 24.20 dB
25-03-22 10:54:04.313 : 0000005.png - PSNR: 25.10 dB
25-03-22 10:54:04.387 : 0000006.png - PSNR: 20.41 dB
25-03-22 10:54:04.462 : 0000007.png - PSNR: 19.79 dB
25-03-22 10:54:04.501 : 0000008.png - PSNR: 23.37 dB
25-03-22 10:54:04.554 : 0000009.png - PSNR: 23.24 dB
25-03-22 10:54:04.632 : 0000010.png - PSNR: 21.00 dB
25-03-22 10:54:04.700 : 0000011.png - PSNR: 25.65 dB
25-03-22 10:54:04.788 : 0000012.png - PSNR: 25.11 dB
25-03-22 10:54:04.896 : 0000013.png - PSNR: 26.97 dB
25-03-22 10:54:04.942 : 0000014.png - PSNR: 24.76 dB
25-03-22 10:54:04.986 : 0000015.png - PSNR: 22.90 dB
25-03-22 10:54:05.091 : 0000016.png - PSNR: 21.05 dB
25-03-22 10:54:05.151 : 0000017.png - PSNR: 22.57 dB
25-03-22 10:54:05.278 : 0000018.png - PSNR: 25.79 dB
25-03-22 10:54:05.389 : 0000019.png - PSNR: 22.60 dB
25-03-22 10:54:05.498 : 0000020.png - PSNR: 24.97 dB
25-03-22 10:54:05.578 : 0000021.png - PSNR: 24.24 dB
25-03-22 10:54:05.660 : 0000022.png - PSNR: 26.03 dB
25-03-22 10:54:05.763 : 0000023.png - PSNR: 31.47 dB
25-03-22 10:54:05.816 : 0000024.png - PSNR: 20.93 dB
25-03-22 10:54:05.903 : 0000025.png - PSNR: 25.84 dB
25-03-22 10:54:05.954 : 0000026.png - PSNR: 31.57 dB
25-03-22 10:54:06.040 : 0000027.png - PSNR: 22.53 dB
25-03-22 10:54:06.100 : 0000028.png - PSNR: 20.82 dB
25-03-22 10:54:06.187 : 0000029.png - PSNR: 24.61 dB
25-03-22 10:54:06.301 : 0000030.png - PSNR: 23.37 dB
25-03-22 10:54:06.342 : 0000031.png - PSNR: 35.33 dB
25-03-22 10:54:06.428 : 0000032.png - PSNR: 21.40 dB
25-03-22 10:54:06.486 : 0000033.png - PSNR: 24.67 dB
25-03-22 10:54:06.514 : 0000034.png - PSNR: 21.68 dB
25-03-22 10:54:06.569 : 0000035.png - PSNR: 27.50 dB
25-03-22 10:54:06.630 : 0000036.png - PSNR: 21.11 dB
25-03-22 10:54:06.747 : 0000037.png - PSNR: 23.65 dB
25-03-22 10:54:06.823 : 0000038.png - PSNR: 23.56 dB
25-03-22 10:54:06.928 : 0000039.png - PSNR: 22.57 dB
25-03-22 10:54:06.972 : 0000040.png - PSNR: 33.47 dB
25-03-22 10:54:07.069 : 0000041.png - PSNR: 24.85 dB
25-03-22 10:54:07.113 : 0000042.png - PSNR: 21.85 dB
25-03-22 10:54:07.258 : 0000043.png - PSNR: 23.12 dB
25-03-22 10:54:07.327 : 0000044.png - PSNR: 24.03 dB
25-03-22 10:54:07.373 : 0000045.png - PSNR: 25.25 dB
25-03-22 10:54:07.510 : 0000046.png - PSNR: 26.41 dB
25-03-22 10:54:07.650 : 0000047.png - PSNR: 21.33 dB
25-03-22 10:54:07.914 : 0000048.png - PSNR: 29.33 dB
25-03-22 10:54:08.124 : 0000049.png - PSNR: 24.82 dB
25-03-22 10:54:08.200 : 0000050.png - PSNR: 29.70 dB
25-03-22 10:54:08.262 : 0000051.png - PSNR: 23.71 dB
25-03-22 10:54:08.470 : 0000052.png - PSNR: 26.33 dB
25-03-22 10:54:08.747 : 0000053.png - PSNR: 31.99 dB
25-03-22 10:54:08.827 : 0000054.png - PSNR: 27.95 dB
25-03-22 10:54:08.894 : 0000055.png - PSNR: 27.13 dB
25-03-22 10:54:09.002 : 0000056.png - PSNR: 24.68 dB
25-03-22 10:54:09.046 : 0000057.png - PSNR: 22.53 dB
25-03-22 10:54:09.196 : 0000058.png - PSNR: 19.17 dB
25-03-22 10:54:09.295 : 0000059.png - PSNR: 23.19 dB
25-03-22 10:54:09.396 : 0000060.png - PSNR: 22.90 dB
25-03-22 10:54:09.510 : 0000061.png - PSNR: 23.90 dB
25-03-22 10:54:09.602 : 0000062.png - PSNR: 20.86 dB
25-03-22 10:54:09.654 : 0000063.png - PSNR: 21.44 dB
25-03-22 10:54:09.775 : 0000064.png - PSNR: 28.20 dB
25-03-22 10:54:09.888 : 0000065.png - PSNR: 23.85 dB
25-03-22 10:54:09.980 : 0000066.png - PSNR: 24.06 dB
25-03-22 10:54:10.034 : 0000067.png - PSNR: 23.00 dB
25-03-22 10:54:10.119 : 0000068.png - PSNR: 26.67 dB
25-03-22 10:54:10.208 : 0000069.png - PSNR: 29.16 dB
25-03-22 10:54:10.305 : 0000070.png - PSNR: 30.43 dB
25-03-22 10:54:10.373 : 0000071.png - PSNR: 28.26 dB
25-03-22 10:54:10.461 : 0000072.png - PSNR: 26.59 dB
25-03-22 10:54:10.555 : 0000073.png - PSNR: 22.20 dB
25-03-22 10:54:10.657 : 0000074.png - PSNR: 27.27 dB
25-03-22 10:54:10.740 : 0000075.png - PSNR: 28.84 dB
25-03-22 10:54:10.844 : 0000076.png - PSNR: 22.91 dB
25-03-22 10:54:10.883 : 0000077.png - PSNR: 24.40 dB
25-03-22 10:54:10.963 : 0000078.png - PSNR: 26.12 dB
25-03-22 10:54:11.038 : 0000079.png - PSNR: 24.35 dB
25-03-22 10:54:11.141 : 0000080.png - PSNR: 24.29 dB
25-03-22 10:54:11.220 : 0000081.png - PSNR: 23.73 dB
25-03-22 10:54:11.309 : 0000082.png - PSNR: 19.75 dB
25-03-22 10:54:11.403 : 0000083.png - PSNR: 30.07 dB
25-03-22 10:54:11.443 : 0000084.png - PSNR: 31.70 dB
25-03-22 10:54:11.487 : 0000085.png - PSNR: 25.01 dB
25-03-22 10:54:11.581 : 0000086.png - PSNR: 27.12 dB
25-03-22 10:54:11.646 : 0000087.png - PSNR: 31.34 dB
25-03-22 10:54:11.755 : 0000088.png - PSNR: 30.05 dB
25-03-22 10:54:11.795 : 0000089.png - PSNR: 22.61 dB
25-03-22 10:54:11.882 : 0000090.png - PSNR: 21.43 dB
25-03-22 10:54:11.974 : 0000091.png - PSNR: 22.02 dB
25-03-22 10:54:12.082 : 0000092.png - PSNR: 18.94 dB
25-03-22 10:54:12.134 : 0000093.png - PSNR: 24.87 dB
25-03-22 10:54:12.192 : 0000094.png - PSNR: 22.79 dB
25-03-22 10:54:12.250 : 0000095.png - PSNR: 26.56 dB
25-03-22 10:54:12.377 : 0000096.png - PSNR: 29.50 dB
25-03-22 10:54:12.425 : 0000097.png - PSNR: 31.02 dB
25-03-22 10:54:12.639 : 0000098.png - PSNR: 24.13 dB
25-03-22 10:54:12.696 : 0000099.png - PSNR: 21.65 dB
25-03-22 10:54:12.786 : 0000100.png - PSNR: 25.22 dB
25-03-22 10:54:12.982 : 0801.png - PSNR: 29.71 dB
25-03-22 10:54:13.164 : 0802.png - PSNR: 35.18 dB
25-03-22 10:54:13.401 : 0803.png - PSNR: 40.29 dB
25-03-22 10:54:13.576 : 0804.png - PSNR: 27.53 dB
25-03-22 10:54:13.778 : 0805.png - PSNR: 28.56 dB
25-03-22 10:54:13.958 : 0806.png - PSNR: 28.47 dB
25-03-22 10:54:14.112 : 0807.png - PSNR: 20.22 dB
25-03-22 10:54:14.291 : 0808.png - PSNR: 26.80 dB
25-03-22 10:54:14.489 : 0809.png - PSNR: 32.24 dB
25-03-22 10:54:14.712 : 0810.png - PSNR: 26.75 dB
25-03-22 10:54:14.892 : 0811.png - PSNR: 29.10 dB
25-03-22 10:54:15.114 : 0812.png - PSNR: 28.00 dB
25-03-22 10:54:15.312 : 0813.png - PSNR: 31.36 dB
25-03-22 10:54:15.486 : 0814.png - PSNR: 28.24 dB
25-03-22 10:54:15.670 : 0815.png - PSNR: 34.01 dB
25-03-22 10:54:15.862 : 0816.png - PSNR: 31.66 dB
25-03-22 10:54:16.075 : 0817.png - PSNR: 32.16 dB
25-03-22 10:54:16.307 : 0818.png - PSNR: 28.88 dB
25-03-22 10:54:16.501 : 0819.png - PSNR: 28.06 dB
25-03-22 10:54:16.702 : 0820.png - PSNR: 24.88 dB
25-03-22 10:54:16.900 : 0821.png - PSNR: 32.10 dB
25-03-22 10:54:17.135 : 0822.png - PSNR: 30.63 dB
25-03-22 10:54:17.319 : 0823.png - PSNR: 26.00 dB
25-03-22 10:54:17.507 : 0824.png - PSNR: 28.42 dB
25-03-22 10:54:17.707 : 0825.png - PSNR: 27.30 dB
25-03-22 10:54:17.930 : 0826.png - PSNR: 24.19 dB
25-03-22 10:54:18.158 : 0827.png - PSNR: 33.51 dB
25-03-22 10:54:18.333 : 0828.png - PSNR: 21.94 dB
25-03-22 10:54:18.510 : 0829.png - PSNR: 26.60 dB
25-03-22 10:54:18.627 : 0830.png - PSNR: 24.48 dB
25-03-22 10:54:18.823 : 0831.png - PSNR: 30.08 dB
25-03-22 10:54:19.022 : 0832.png - PSNR: 30.74 dB
25-03-22 10:54:19.237 : 0833.png - PSNR: 34.07 dB
25-03-22 10:54:19.411 : 0834.png - PSNR: 25.44 dB
25-03-22 10:54:19.640 : 0835.png - PSNR: 22.87 dB
25-03-22 10:54:19.861 : 0836.png - PSNR: 25.95 dB
25-03-22 10:54:20.052 : 0837.png - PSNR: 26.21 dB
25-03-22 10:54:20.228 : 0838.png - PSNR: 37.76 dB
25-03-22 10:54:20.401 : 0839.png - PSNR: 29.09 dB
25-03-22 10:54:20.590 : 0840.png - PSNR: 28.39 dB
25-03-22 10:54:20.782 : 0841.png - PSNR: 28.12 dB
25-03-22 10:54:20.961 : 0842.png - PSNR: 30.06 dB
25-03-22 10:54:21.120 : 0843.png - PSNR: 41.15 dB
25-03-22 10:54:21.315 : 0844.png - PSNR: 44.15 dB
25-03-22 10:54:21.495 : 0845.png - PSNR: 24.47 dB
25-03-22 10:54:21.690 : 0846.png - PSNR: 25.59 dB
25-03-22 10:54:21.879 : 0847.png - PSNR: 27.73 dB
25-03-22 10:54:22.088 : 0848.png - PSNR: 27.22 dB
25-03-22 10:54:22.275 : 0849.png - PSNR: 22.32 dB
25-03-22 10:54:22.464 : 0850.png - PSNR: 29.11 dB
25-03-22 10:54:22.646 : 0851.png - PSNR: 28.45 dB
25-03-22 10:54:22.797 : 0852.png - PSNR: 30.01 dB
25-03-22 10:54:22.985 : 0853.png - PSNR: 34.06 dB
25-03-22 10:54:23.138 : 0854.png - PSNR: 24.96 dB
25-03-22 10:54:23.406 : 0855.png - PSNR: 29.40 dB
25-03-22 10:54:23.581 : 0856.png - PSNR: 24.35 dB
25-03-22 10:54:23.771 : 0857.png - PSNR: 34.93 dB
25-03-22 10:54:23.947 : 0858.png - PSNR: 28.54 dB
25-03-22 10:54:24.133 : 0859.png - PSNR: 25.56 dB
25-03-22 10:54:24.357 : 0860.png - PSNR: 20.62 dB
25-03-22 10:54:24.546 : 0861.png - PSNR: 23.06 dB
25-03-22 10:54:24.720 : 0862.png - PSNR: 33.15 dB
25-03-22 10:54:24.929 : 0863.png - PSNR: 33.20 dB
25-03-22 10:54:25.117 : 0864.png - PSNR: 29.91 dB
25-03-22 10:54:25.335 : 0865.png - PSNR: 27.30 dB
25-03-22 10:54:25.520 : 0866.png - PSNR: 25.19 dB
25-03-22 10:54:25.721 : 0867.png - PSNR: 28.43 dB
25-03-22 10:54:25.879 : 0868.png - PSNR: 32.78 dB
25-03-22 10:54:26.070 : 0869.png - PSNR: 23.77 dB
25-03-22 10:54:26.312 : 0870.png - PSNR: 28.60 dB
25-03-22 10:54:26.500 : 0871.png - PSNR: 32.06 dB
25-03-22 10:54:26.683 : 0872.png - PSNR: 24.04 dB
25-03-22 10:54:26.882 : 0873.png - PSNR: 24.04 dB
25-03-22 10:54:27.080 : 0874.png - PSNR: 30.16 dB
25-03-22 10:54:27.320 : 0875.png - PSNR: 24.39 dB
25-03-22 10:54:27.501 : 0876.png - PSNR: 22.19 dB
25-03-22 10:54:27.657 : 0877.png - PSNR: 40.18 dB
25-03-22 10:54:27.909 : 0878.png - PSNR: 32.15 dB
25-03-22 10:54:28.177 : 0879.png - PSNR: 27.28 dB
25-03-22 10:54:28.346 : 0880.png - PSNR: 32.25 dB
25-03-22 10:54:28.521 : 0881.png - PSNR: 25.95 dB
25-03-22 10:54:28.710 : 0882.png - PSNR: 34.18 dB
25-03-22 10:54:28.921 : 0883.png - PSNR: 26.38 dB
25-03-22 10:54:29.118 : 0884.png - PSNR: 25.94 dB
25-03-22 10:54:29.317 : 0885.png - PSNR: 22.97 dB
25-03-22 10:54:29.490 : 0886.png - PSNR: 36.37 dB
25-03-22 10:54:29.678 : 0887.png - PSNR: 25.29 dB
25-03-22 10:54:29.873 : 0888.png - PSNR: 30.53 dB
25-03-22 10:54:30.074 : 0889.png - PSNR: 30.85 dB
25-03-22 10:54:30.254 : 0890.png - PSNR: 25.27 dB
25-03-22 10:54:30.505 : 0891.png - PSNR: 26.88 dB
25-03-22 10:54:30.671 : 0892.png - PSNR: 30.13 dB
25-03-22 10:54:30.849 : 0893.png - PSNR: 33.24 dB
25-03-22 10:54:31.040 : 0894.png - PSNR: 31.78 dB
25-03-22 10:54:31.217 : 0895.png - PSNR: 20.45 dB
25-03-22 10:54:31.397 : 0896.png - PSNR: 38.96 dB
25-03-22 10:54:31.579 : 0897.png - PSNR: 22.15 dB
25-03-22 10:54:31.763 : 0898.png - PSNR: 34.46 dB
25-03-22 10:54:31.951 : 0899.png - PSNR: 31.27 dB
25-03-22 10:54:32.125 : 0900.png - PSNR: 27.99 dB
25-03-22 10:54:32.125 :       Max Memory : 375.877 [M]
25-03-22 10:54:32.125 : ------> Average runtime of (valid) is : 12.624697 milliseconds
25-03-22 10:54:32.125 : ------> Average PSNR of (valid) is : 26.946293 dB
25-03-22 10:54:32.133 :     #Activations : 69.2244 [M]
25-03-22 10:54:32.133 :          #Conv2d : 32
25-03-22 10:54:32.178 :            FLOPs : 13.8547 [G]
25-03-22 10:54:32.179 :          #Params : 0.2116 [M]
